Using pre-set license
Built from '2021.3/staging' branch; Version is '2021.3.3f1 (af2e63e8f9bd) revision 11480675'; Using compiler version '192829333'; Build Type 'Release'
OS: 'Windows 11  (10.0.22000) 64bit CoreSingleLanguage' Language: 'ru' Physical Memory: 15741 MB
BatchMode: 1, IsHumanControllingUs: 0, StartBugReporterOnCrash: 0, Is64bit: 1, IsPro: 1

COMMAND LINE ARGUMENTS:
E:\Unity\2021.3.3f1\Editor\Unity.exe
-adb2
-batchMode
-noUpm
-name
AssetImportWorker0
-projectPath
E:/SpaceWar
-logFile
Logs/AssetImportWorker0.log
-srvPort
54302
Successfully changed project path to: E:/SpaceWar
E:/SpaceWar
[UnityMemory] Configuration Parameters - Can be set up in boot.config
    "memorysetup-bucket-allocator-granularity=16"
    "memorysetup-bucket-allocator-bucket-count=8"
    "memorysetup-bucket-allocator-block-size=33554432"
    "memorysetup-bucket-allocator-block-count=8"
    "memorysetup-main-allocator-block-size=16777216"
    "memorysetup-thread-allocator-block-size=16777216"
    "memorysetup-gfx-main-allocator-block-size=16777216"
    "memorysetup-gfx-thread-allocator-block-size=16777216"
    "memorysetup-cache-allocator-block-size=4194304"
    "memorysetup-typetree-allocator-block-size=2097152"
    "memorysetup-profiler-bucket-allocator-granularity=16"
    "memorysetup-profiler-bucket-allocator-bucket-count=8"
    "memorysetup-profiler-bucket-allocator-block-size=33554432"
    "memorysetup-profiler-bucket-allocator-block-count=8"
    "memorysetup-profiler-allocator-block-size=16777216"
    "memorysetup-profiler-editor-allocator-block-size=1048576"
    "memorysetup-temp-allocator-size-main=16777216"
    "memorysetup-job-temp-allocator-block-size=2097152"
    "memorysetup-job-temp-allocator-block-size-background=1048576"
    "memorysetup-job-temp-allocator-reduction-small-platforms=262144"
    "memorysetup-temp-allocator-size-background-worker=32768"
    "memorysetup-temp-allocator-size-job-worker=262144"
    "memorysetup-temp-allocator-size-preload-manager=33554432"
    "memorysetup-temp-allocator-size-nav-mesh-worker=65536"
    "memorysetup-temp-allocator-size-audio-worker=65536"
    "memorysetup-temp-allocator-size-cloud-worker=32768"
    "memorysetup-temp-allocator-size-gi-baking-worker=262144"
    "memorysetup-temp-allocator-size-gfx=262144"
Refreshing native plugins compatible for Editor in 116.88 ms, found 4 plugins.
Preloading 0 native plugins for Editor in 0.00 ms.
Initialize engine version: 2021.3.3f1 (af2e63e8f9bd)
[Subsystems] Discovering subsystems at path E:/Unity/2021.3.3f1/Editor/Data/Resources/UnitySubsystems
[Subsystems] Discovering subsystems at path E:/SpaceWar/Assets
GfxDevice: creating device client; threaded=0; jobified=0
Direct3D:
    Version:  Direct3D 11.0 [level 11.1]
    Renderer: AMD Radeon(TM) Graphics (ID=0x1636)
    Vendor:   ATI
    VRAM:     7870 MB
    Driver:   27.20.11032.1001
Initialize mono
Mono path[0] = 'E:/Unity/2021.3.3f1/Editor/Data/Managed'
Mono path[1] = 'E:/Unity/2021.3.3f1/Editor/Data/MonoBleedingEdge/lib/mono/unityjit-win32'
Mono config path = 'E:/Unity/2021.3.3f1/Editor/Data/MonoBleedingEdge/etc'
Using monoOptions --debugger-agent=transport=dt_socket,embedding=1,server=y,suspend=n,address=127.0.0.1:56336
Begin MonoManager ReloadAssembly
Registering precompiled unity dll's ...
Register platform support module: E:/Unity/2021.3.3f1/Editor/Data/PlaybackEngines/WebGLSupport/UnityEditor.WebGL.Extensions.dll
Register platform support module: E:/Unity/2021.3.3f1/Editor/Data/PlaybackEngines/AndroidPlayer/UnityEditor.Android.Extensions.dll
Register platform support module: E:/Unity/2021.3.3f1/Editor/Data/PlaybackEngines/WindowsStandaloneSupport/UnityEditor.WindowsStandalone.Extensions.dll
Register platform support module: E:/Unity/2021.3.3f1/Editor/Data/PlaybackEngines/MetroSupport/UnityEditor.UWP.Extensions.dll
Registered in 0.002636 seconds.
Native extension for UWP target not found
Native extension for WindowsStandalone target not found
Native extension for Android target not found
Native extension for WebGL target not found
Refreshing native plugins compatible for Editor in 119.21 ms, found 4 plugins.
Preloading 0 native plugins for Editor in 0.00 ms.
Mono: successfully reloaded assembly
- Completed reload, in  0.670 seconds
Domain Reload Profiling:
	ReloadAssembly (671ms)
		BeginReloadAssembly (76ms)
			ExecutionOrderSort (0ms)
			DisableScriptedObjects (0ms)
			BackupInstance (0ms)
			ReleaseScriptingObjects (0ms)
			CreateAndSetChildDomain (1ms)
		EndReloadAssembly (491ms)
			LoadAssemblies (76ms)
			RebuildTransferFunctionScriptingTraits (0ms)
			SetupTypeCache (108ms)
			ReleaseScriptCaches (0ms)
			RebuildScriptCaches (29ms)
			SetupLoadedEditorAssemblies (304ms)
				LogAssemblyErrors (0ms)
				InitializePlatformSupportModulesInManaged (42ms)
				SetLoadedEditorAssemblies (0ms)
				RefreshPlugins (119ms)
				BeforeProcessingInitializeOnLoad (1ms)
				ProcessInitializeOnLoadAttributes (99ms)
				ProcessInitializeOnLoadMethodAttributes (43ms)
				AfterProcessingInitializeOnLoad (0ms)
				EditorAssembliesLoaded (0ms)
			ExecutionOrderSort2 (0ms)
			AwakeInstancesAfterBackupRestoration (0ms)
Platform modules already initialized, skipping
Registering precompiled user dll's ...
Registered in 0.008615 seconds.
Begin MonoManager ReloadAssembly
Symbol file LoadedFromMemory doesn't match image E:\SpaceWar\Library\PackageCache\com.unity.visualscripting@1.7.6\Editor\VisualScripting.Core\Dependencies\YamlDotNet\Unity.VisualScripting.YamlDotNet.dll
Symbol file LoadedFromMemory doesn't match image E:\SpaceWar\Library\PackageCache\com.unity.visualscripting@1.7.6\Editor\VisualScripting.Core\Dependencies\DotNetZip\Unity.VisualScripting.IonicZip.dll
Native extension for UWP target not found
Native extension for WindowsStandalone target not found
Native extension for Android target not found
Native extension for WebGL target not found
Refreshing native plugins compatible for Editor in 122.40 ms, found 4 plugins.
Preloading 0 native plugins for Editor in 0.00 ms.
Mono: successfully reloaded assembly
- Completed reload, in  1.340 seconds
Domain Reload Profiling:
	ReloadAssembly (1341ms)
		BeginReloadAssembly (117ms)
			ExecutionOrderSort (0ms)
			DisableScriptedObjects (6ms)
			BackupInstance (0ms)
			ReleaseScriptingObjects (0ms)
			CreateAndSetChildDomain (21ms)
		EndReloadAssembly (1100ms)
			LoadAssemblies (100ms)
			RebuildTransferFunctionScriptingTraits (0ms)
			SetupTypeCache (280ms)
			ReleaseScriptCaches (1ms)
			RebuildScriptCaches (70ms)
			SetupLoadedEditorAssemblies (618ms)
				LogAssemblyErrors (0ms)
				InitializePlatformSupportModulesInManaged (18ms)
				SetLoadedEditorAssemblies (0ms)
				RefreshPlugins (122ms)
				BeforeProcessingInitializeOnLoad (107ms)
				ProcessInitializeOnLoadAttributes (322ms)
				ProcessInitializeOnLoadMethodAttributes (45ms)
				AfterProcessingInitializeOnLoad (2ms)
				EditorAssembliesLoaded (0ms)
			ExecutionOrderSort2 (0ms)
			AwakeInstancesAfterBackupRestoration (6ms)
Platform modules already initialized, skipping
========================================================================
Worker process is ready to serve import requests
Launched and connected shader compiler UnityShaderCompiler.exe after 0.03 seconds
Refreshing native plugins compatible for Editor in 0.94 ms, found 4 plugins.
Preloading 0 native plugins for Editor in 0.00 ms.
Unloading 4402 Unused Serialized files (Serialized files now loaded: 0)
Unloading 48 unused Assets / (225.4 KB). Loaded Objects now: 4861.
Memory consumption went from 164.7 MB to 164.5 MB.
Total: 4.402600 ms (FindLiveObjects: 0.550200 ms CreateObjectMapping: 0.189100 ms MarkObjects: 3.475800 ms  DeleteObjects: 0.184100 ms)

AssetImportParameters requested are different than current active one (requested -> active):
  custom:video-decoder-ogg-theora: a1e56fd34408186e4bbccfd4996cb3dc -> 
  custom:container-muxer-webm: aa71ff27fc2769a1b78a27578f13a17b -> 
  custom:container-demuxer-webm: 4f35f7cbe854078d1ac9338744f61a02 -> 
  custom:video-encoder-webm-vp8: eb34c28f22e8b96e1ab97ce403110664 -> 
  custom:audio-encoder-webm-vorbis: bf7c407c2cedff20999df2af8eb42d56 -> 
  custom:framework-win-MediaFoundation: 216162199b28c13a410421893ffa2e32 -> 
  custom:container-demuxer-ogg: 62fdf1f143b41e24485cea50d1cbac27 -> 
  custom:video-decoder-webm-vp8: 9c59270c3fd7afecdb556c50c9e8de78 -> 
  custom:audio-decoder-ogg-vorbis: bf7c407c2cedff20999df2af8eb42d56 -> 
========================================================================
Received Import Request.
  Time since last request: 93588.103700 seconds.
  path: Assets/Resources/Prefabs/enemy.prefab
  artifactKey: Guid(b3f6c7d0c8a67894a93103d72bc3dad3) Importer(815301076,1909f56bfc062723c751e8b465ee728b)
Start importing Assets/Resources/Prefabs/enemy.prefab using Guid(b3f6c7d0c8a67894a93103d72bc3dad3) Importer(815301076,1909f56bfc062723c751e8b465ee728b)  -> (artifact id: 'faa856538733410ce96e3378f80d9bc4') in 0.050742 seconds 
========================================================================
Received Import Request.
  Time since last request: 172.438197 seconds.
  path: Assets/Resources/Media/EnemyPicture/30040000.png
  artifactKey: Guid(9ea09c5d7f6d7104eab7f6bf56510260) Importer(815301076,1909f56bfc062723c751e8b465ee728b)
Start importing Assets/Resources/Media/EnemyPicture/30040000.png using Guid(9ea09c5d7f6d7104eab7f6bf56510260) Importer(815301076,1909f56bfc062723c751e8b465ee728b)  -> (artifact id: 'eb83eb21d75714a3c1bf6c8aa279f8f3') in 0.098132 seconds 
========================================================================
Received Import Request.
  Time since last request: 0.000034 seconds.
  path: Assets/Resources/Media/EnemyPicture/30040005.png
  artifactKey: Guid(b84923167ec758946991f28a4ecd7522) Importer(815301076,1909f56bfc062723c751e8b465ee728b)
Start importing Assets/Resources/Media/EnemyPicture/30040005.png using Guid(b84923167ec758946991f28a4ecd7522) Importer(815301076,1909f56bfc062723c751e8b465ee728b)  -> (artifact id: '4004989dad459b226478ef6fe0c75af6') in 0.019326 seconds 
========================================================================
Received Import Request.
  Time since last request: 0.000029 seconds.
  path: Assets/Resources/Media/EnemyPicture/30040010.png
  artifactKey: Guid(fb170c51d5b5d884d87ea0100f76f28f) Importer(815301076,1909f56bfc062723c751e8b465ee728b)
Start importing Assets/Resources/Media/EnemyPicture/30040010.png using Guid(fb170c51d5b5d884d87ea0100f76f28f) Importer(815301076,1909f56bfc062723c751e8b465ee728b)  -> (artifact id: 'a3ebcb8e82825b3f8956201742007053') in 0.037409 seconds 
========================================================================
Received Import Request.
  Time since last request: 0.000060 seconds.
  path: Assets/Resources/Media/EnemyPicture/30040014.png
  artifactKey: Guid(dcf75e6f67a1d3d4f9814a1bc0a7097e) Importer(815301076,1909f56bfc062723c751e8b465ee728b)
Start importing Assets/Resources/Media/EnemyPicture/30040014.png using Guid(dcf75e6f67a1d3d4f9814a1bc0a7097e) Importer(815301076,1909f56bfc062723c751e8b465ee728b)  -> (artifact id: '1fa5c50f146a063702a5f72334bf0fd8') in 0.021760 seconds 
========================================================================
Received Import Request.
  Time since last request: 0.000049 seconds.
  path: Assets/Resources/Media/EnemyPicture/30040009.png
  artifactKey: Guid(a5ad63d5768752042aa0236f13ece5d5) Importer(815301076,1909f56bfc062723c751e8b465ee728b)
Start importing Assets/Resources/Media/EnemyPicture/30040009.png using Guid(a5ad63d5768752042aa0236f13ece5d5) Importer(815301076,1909f56bfc062723c751e8b465ee728b)  -> (artifact id: 'f85f676075b6dfad1ecb5ab39663313d') in 0.020276 seconds 
========================================================================
Received Import Request.
  Time since last request: 0.000053 seconds.
  path: Assets/Resources/Media/EnemyPicture/30040004.png
  artifactKey: Guid(131c83ae3b88b3444856a3b893c665cc) Importer(815301076,1909f56bfc062723c751e8b465ee728b)
Start importing Assets/Resources/Media/EnemyPicture/30040004.png using Guid(131c83ae3b88b3444856a3b893c665cc) Importer(815301076,1909f56bfc062723c751e8b465ee728b)  -> (artifact id: '2432497ed025fb0bf607ac5005f02b6a') in 0.019657 seconds 
========================================================================
Received Import Request.
  Time since last request: 0.000039 seconds.
  path: Assets/Resources/Media/EnemyPicture/30040013.png
  artifactKey: Guid(f099136e71d5702489eda1b0a6ae2a82) Importer(815301076,1909f56bfc062723c751e8b465ee728b)
Start importing Assets/Resources/Media/EnemyPicture/30040013.png using Guid(f099136e71d5702489eda1b0a6ae2a82) Importer(815301076,1909f56bfc062723c751e8b465ee728b)  -> (artifact id: '228e4fee89398da464af15d76cfeede2') in 0.022453 seconds 
========================================================================
Received Import Request.
  Time since last request: 0.000041 seconds.
  path: Assets/Resources/Media/EnemyPicture/30040008.png
  artifactKey: Guid(04567f9933551e845b30c5b91fabc7ab) Importer(815301076,1909f56bfc062723c751e8b465ee728b)
Start importing Assets/Resources/Media/EnemyPicture/30040008.png using Guid(04567f9933551e845b30c5b91fabc7ab) Importer(815301076,1909f56bfc062723c751e8b465ee728b)  -> (artifact id: '1c124b708c6eba7a20e8080af888ce1e') in 0.021332 seconds 
========================================================================
Received Import Request.
  Time since last request: 0.000035 seconds.
  path: Assets/Resources/Media/EnemyPicture/30040012.png
  artifactKey: Guid(ac48002c9d3599f44b223d2dfa98d47a) Importer(815301076,1909f56bfc062723c751e8b465ee728b)
Start importing Assets/Resources/Media/EnemyPicture/30040012.png using Guid(ac48002c9d3599f44b223d2dfa98d47a) Importer(815301076,1909f56bfc062723c751e8b465ee728b)  -> (artifact id: 'd6b21054c0c18137711a99ee2acd1680') in 0.020167 seconds 
========================================================================
Received Import Request.
  Time since last request: 0.000031 seconds.
  path: Assets/Resources/Media/EnemyPicture/30040016.png
  artifactKey: Guid(b1087dcf13e6b3b44ae7f3e6f606455f) Importer(815301076,1909f56bfc062723c751e8b465ee728b)
Start importing Assets/Resources/Media/EnemyPicture/30040016.png using Guid(b1087dcf13e6b3b44ae7f3e6f606455f) Importer(815301076,1909f56bfc062723c751e8b465ee728b)  -> (artifact id: '831a1a58a7a0054dbe7a2de19fb8e667') in 0.020907 seconds 
========================================================================
Received Import Request.
  Time since last request: 7.500471 seconds.
  path: Assets/Resources/Media/EnemyPicture/30040001.png
  artifactKey: Guid(d9abaaa7827d7be43b523080b700933d) Importer(815301076,1909f56bfc062723c751e8b465ee728b)
Start importing Assets/Resources/Media/EnemyPicture/30040001.png using Guid(d9abaaa7827d7be43b523080b700933d) Importer(815301076,1909f56bfc062723c751e8b465ee728b)  -> (artifact id: 'b98143b7fa065124d0c9540cc01e28e4') in 0.024075 seconds 
========================================================================
Received Import Request.
  Time since last request: 0.000040 seconds.
  path: Assets/Resources/Media/EnemyPicture/30040005.png
  artifactKey: Guid(b84923167ec758946991f28a4ecd7522) Importer(815301076,1909f56bfc062723c751e8b465ee728b)
Start importing Assets/Resources/Media/EnemyPicture/30040005.png using Guid(b84923167ec758946991f28a4ecd7522) Importer(815301076,1909f56bfc062723c751e8b465ee728b)  -> (artifact id: '8df6dbfbb8b01e3c4fcf699b12b6e69d') in 0.024035 seconds 
========================================================================
Received Import Request.
  Time since last request: 0.000041 seconds.
  path: Assets/Resources/Media/EnemyPicture/30040006.png
  artifactKey: Guid(b0dfc7c6dc6ade847b34d6f1903077fd) Importer(815301076,1909f56bfc062723c751e8b465ee728b)
Start importing Assets/Resources/Media/EnemyPicture/30040006.png using Guid(b0dfc7c6dc6ade847b34d6f1903077fd) Importer(815301076,1909f56bfc062723c751e8b465ee728b)  -> (artifact id: 'aaa62d774aebea1ef44a555ce0424850') in 0.022149 seconds 
========================================================================
Received Import Request.
  Time since last request: 0.000041 seconds.
  path: Assets/Resources/Media/EnemyPicture/30040017.png
  artifactKey: Guid(a914cdbbf6a75bb4799f6aabe4c7993f) Importer(815301076,1909f56bfc062723c751e8b465ee728b)
Start importing Assets/Resources/Media/EnemyPicture/30040017.png using Guid(a914cdbbf6a75bb4799f6aabe4c7993f) Importer(815301076,1909f56bfc062723c751e8b465ee728b)  -> (artifact id: 'e02e0704ed47df8cd2f7c2dbd00401ff') in 0.022650 seconds 
========================================================================
Received Import Request.
  Time since last request: 0.000047 seconds.
  path: Assets/Resources/Media/EnemyPicture/30040018.png
  artifactKey: Guid(9c522d5efa1be6549b73c791133ee595) Importer(815301076,1909f56bfc062723c751e8b465ee728b)
Start importing Assets/Resources/Media/EnemyPicture/30040018.png using Guid(9c522d5efa1be6549b73c791133ee595) Importer(815301076,1909f56bfc062723c751e8b465ee728b)  -> (artifact id: 'eee2140885b8a6e15c195dd4faa8c0cc') in 0.025072 seconds 
========================================================================
Received Import Request.
  Time since last request: 0.000071 seconds.
  path: Assets/Resources/Media/EnemyPicture/30040015.png
  artifactKey: Guid(0658bd480e9aab8468d35af52ead1828) Importer(815301076,1909f56bfc062723c751e8b465ee728b)
Start importing Assets/Resources/Media/EnemyPicture/30040015.png using Guid(0658bd480e9aab8468d35af52ead1828) Importer(815301076,1909f56bfc062723c751e8b465ee728b)  -> (artifact id: '41185d1204cde32bdf519c13b72a8c23') in 0.023215 seconds 
========================================================================
Received Import Request.
  Time since last request: 0.000079 seconds.
  path: Assets/Resources/Media/EnemyPicture/30040012.png
  artifactKey: Guid(ac48002c9d3599f44b223d2dfa98d47a) Importer(815301076,1909f56bfc062723c751e8b465ee728b)
Start importing Assets/Resources/Media/EnemyPicture/30040012.png using Guid(ac48002c9d3599f44b223d2dfa98d47a) Importer(815301076,1909f56bfc062723c751e8b465ee728b)  -> (artifact id: '83e02b3433a50fdbfdf9c59541685a34') in 0.032245 seconds 
========================================================================
Received Import Request.
  Time since last request: 0.000081 seconds.
  path: Assets/Resources/Media/EnemyPicture/30040003.png
  artifactKey: Guid(bd1be52594feb11469130fba6b48f07a) Importer(815301076,1909f56bfc062723c751e8b465ee728b)
Start importing Assets/Resources/Media/EnemyPicture/30040003.png using Guid(bd1be52594feb11469130fba6b48f07a) Importer(815301076,1909f56bfc062723c751e8b465ee728b)  -> (artifact id: '8d7512d392f8f9c6ca29fc27097b16e9') in 0.019741 seconds 
========================================================================
Received Import Request.
  Time since last request: 52.086346 seconds.
  path: Assets/Resources/Media/EnemyPicture/30040002.png
  artifactKey: Guid(4e5b6075024466549ada818d23e33cab) Importer(815301076,1909f56bfc062723c751e8b465ee728b)
Start importing Assets/Resources/Media/EnemyPicture/30040002.png using Guid(4e5b6075024466549ada818d23e33cab) Importer(815301076,1909f56bfc062723c751e8b465ee728b)  -> (artifact id: '66fefa032453b7bd5f13feca683356f6') in 0.019290 seconds 
========================================================================
Received Import Request.
  Time since last request: 0.000037 seconds.
  path: Assets/Resources/Media/EnemyPicture/30040005.png
  artifactKey: Guid(b84923167ec758946991f28a4ecd7522) Importer(815301076,1909f56bfc062723c751e8b465ee728b)
Start importing Assets/Resources/Media/EnemyPicture/30040005.png using Guid(b84923167ec758946991f28a4ecd7522) Importer(815301076,1909f56bfc062723c751e8b465ee728b)  -> (artifact id: 'f0dd921248909d4e4e93d61f855fbf2d') in 0.022612 seconds 
========================================================================
Received Import Request.
  Time since last request: 0.000032 seconds.
  path: Assets/Resources/Media/EnemyPicture/30040017.png
  artifactKey: Guid(a914cdbbf6a75bb4799f6aabe4c7993f) Importer(815301076,1909f56bfc062723c751e8b465ee728b)
Start importing Assets/Resources/Media/EnemyPicture/30040017.png using Guid(a914cdbbf6a75bb4799f6aabe4c7993f) Importer(815301076,1909f56bfc062723c751e8b465ee728b)  -> (artifact id: '76a041464613ff85d82191487ebfbd4c') in 0.021949 seconds 
========================================================================
Received Import Request.
  Time since last request: 0.000041 seconds.
  path: Assets/Resources/Media/EnemyPicture/30040004.png
  artifactKey: Guid(131c83ae3b88b3444856a3b893c665cc) Importer(815301076,1909f56bfc062723c751e8b465ee728b)
Start importing Assets/Resources/Media/EnemyPicture/30040004.png using Guid(131c83ae3b88b3444856a3b893c665cc) Importer(815301076,1909f56bfc062723c751e8b465ee728b)  -> (artifact id: 'b763f93684b97bcdbc534e4220d8c43d') in 0.018980 seconds 
========================================================================
Received Import Request.
  Time since last request: 0.000042 seconds.
  path: Assets/Resources/Media/EnemyPicture/30040015.png
  artifactKey: Guid(0658bd480e9aab8468d35af52ead1828) Importer(815301076,1909f56bfc062723c751e8b465ee728b)
Start importing Assets/Resources/Media/EnemyPicture/30040015.png using Guid(0658bd480e9aab8468d35af52ead1828) Importer(815301076,1909f56bfc062723c751e8b465ee728b)  -> (artifact id: '59565a17ab00a533e2c9552adcda0dc2') in 0.024108 seconds 
========================================================================
Received Import Request.
  Time since last request: 0.000063 seconds.
  path: Assets/Resources/Media/EnemyPicture/30040016.png
  artifactKey: Guid(b1087dcf13e6b3b44ae7f3e6f606455f) Importer(815301076,1909f56bfc062723c751e8b465ee728b)
Start importing Assets/Resources/Media/EnemyPicture/30040016.png using Guid(b1087dcf13e6b3b44ae7f3e6f606455f) Importer(815301076,1909f56bfc062723c751e8b465ee728b)  -> (artifact id: 'a8f3db924fe98c66fe4df78263966dc6') in 0.028253 seconds 
Editor requested this worker to shutdown with reason: Scaling down because of idle timeout
AssetImportWorker is now disconnected from the server
Process exiting
Exiting without the bug reporter. Application will terminate with return code 0